{"Time":"2026-02-08 00:07:34","Level":"INFO","CallerPath":"server.go:84:","CallerFunc":"[realtime_quiz_system/internal/provider.ProvideServer.func1.2]","Content":"Shutting down HTTP server..."}
{"Time":"2026-02-08 00:10:47","Level":"INFO","CallerPath":"server.go:35:","CallerFunc":"[realtime_quiz_system/internal/provider.ProvideServer.func1.1]","Content":"Starting HTTP server..."}
{"Time":"2026-02-08 00:10:47","Level":"INFO","CallerPath":"server.go:92:","CallerFunc":"[realtime_quiz_system/internal/provider.ProvideServer.func1.1]","Content":"HTTP server started successfully"}
{"Time":"2026-02-08 00:15:38","Level":"INFO","CallerPath":"server.go:35:","CallerFunc":"[realtime_quiz_system/internal/provider.ProvideServer.func1.1]","Content":"Starting HTTP server..."}
{"Time":"2026-02-08 00:15:38","Level":"INFO","CallerPath":"server.go:92:","CallerFunc":"[realtime_quiz_system/internal/provider.ProvideServer.func1.1]","Content":"HTTP server started successfully"}
{"Time":"2026-02-08 00:17:45","TraceId":"f0c0c5576c0692186a579d141d908c40","Level":"INFO","CallerPath":"users.go:62:","CallerFunc":"[realtime_quiz_system/internal/controller.(*UserController).Login]","Content":"Received user login request usernameOrEmail huypqse@gmail.com"}
{"Time":"2026-02-08 00:17:45","TraceId":"f0c0c5576c0692186a579d141d908c40","Level":"INFO","CallerPath":"users.go:111:","CallerFunc":"[realtime_quiz_system/internal/logic.(*UserServiceImpl).Login]","Content":"User login attempt usernameOrEmail huypqse@gmail.com"}
{"Time":"2026-02-08 00:17:49","TraceId":"f0c0c5576c0692186a579d141d908c40","Level":"INFO","CallerPath":"users.go:138:","CallerFunc":"[realtime_quiz_system/internal/logic.(*UserServiceImpl).Login]","Content":"User logged in successfully username huyse"}
{"Time":"2026-02-08 00:17:49","TraceId":"f0c0c5576c0692186a579d141d908c40","Level":"INFO","CallerPath":"users.go:87:","CallerFunc":"[realtime_quiz_system/internal/controller.(*UserController).Login]","Content":"User login successful username huyse"}
{"Time":"2026-02-08 00:19:58","Level":"INFO","CallerPath":"server.go:35:","CallerFunc":"[realtime_quiz_system/internal/provider.ProvideServer.func1.1]","Content":"Starting HTTP server..."}
{"Time":"2026-02-08 00:19:58","Level":"INFO","CallerPath":"server.go:92:","CallerFunc":"[realtime_quiz_system/internal/provider.ProvideServer.func1.1]","Content":"HTTP server started successfully"}
{"Time":"2026-02-08 00:20:05","Level":"INFO","CallerPath":"server.go:35:","CallerFunc":"[realtime_quiz_system/internal/provider.ProvideServer.func1.1]","Content":"Starting HTTP server..."}
{"Time":"2026-02-08 00:20:05","Level":"INFO","CallerPath":"server.go:92:","CallerFunc":"[realtime_quiz_system/internal/provider.ProvideServer.func1.1]","Content":"HTTP server started successfully"}
{"Time":"2026-02-08 00:20:28","Level":"INFO","CallerPath":"server.go:35:","CallerFunc":"[realtime_quiz_system/internal/provider.ProvideServer.func1.1]","Content":"Starting HTTP server..."}
{"Time":"2026-02-08 00:20:28","Level":"INFO","CallerPath":"server.go:92:","CallerFunc":"[realtime_quiz_system/internal/provider.ProvideServer.func1.1]","Content":"HTTP server started successfully"}
{"Time":"2026-02-08 00:21:00","Level":"INFO","CallerPath":"server.go:35:","CallerFunc":"[realtime_quiz_system/internal/provider.ProvideServer.func1.1]","Content":"Starting HTTP server..."}
{"Time":"2026-02-08 00:21:00","Level":"INFO","CallerPath":"server.go:92:","CallerFunc":"[realtime_quiz_system/internal/provider.ProvideServer.func1.1]","Content":"HTTP server started successfully"}
{"Time":"2026-02-08 00:22:45","Level":"INFO","CallerPath":"server.go:35:","CallerFunc":"[realtime_quiz_system/internal/provider.ProvideServer.func1.1]","Content":"Starting HTTP server..."}
{"Time":"2026-02-08 00:22:45","Level":"INFO","CallerPath":"server.go:92:","CallerFunc":"[realtime_quiz_system/internal/provider.ProvideServer.func1.1]","Content":"HTTP server started successfully"}
{"Time":"2026-02-08 00:23:10","TraceId":"2aa40901b8069218230f2563a400ec41","Level":"INFO","CallerPath":"users.go:62:","CallerFunc":"[realtime_quiz_system/internal/controller.(*UserController).Login]","Content":"Received user login request usernameOrEmail huypqse@gmail.com"}
{"Time":"2026-02-08 00:23:10","TraceId":"2aa40901b8069218230f2563a400ec41","Level":"INFO","CallerPath":"users.go:111:","CallerFunc":"[realtime_quiz_system/internal/logic.(*UserServiceImpl).Login]","Content":"User login attempt usernameOrEmail huypqse@gmail.com"}
{"Time":"2026-02-08 00:23:14","TraceId":"2aa40901b8069218230f2563a400ec41","Level":"INFO","CallerPath":"users.go:138:","CallerFunc":"[realtime_quiz_system/internal/logic.(*UserServiceImpl).Login]","Content":"User logged in successfully username huyse"}
{"Time":"2026-02-08 00:23:14","TraceId":"2aa40901b8069218230f2563a400ec41","Level":"INFO","CallerPath":"users.go:87:","CallerFunc":"[realtime_quiz_system/internal/controller.(*UserController).Login]","Content":"User login successful username huyse"}
{"Time":"2026-02-08 00:25:17","Level":"INFO","CallerPath":"server.go:96:","CallerFunc":"[realtime_quiz_system/internal/provider.ProvideServer.func1.2]","Content":"Shutting down HTTP server..."}
{"Time":"2026-02-08 00:25:23","Level":"INFO","CallerPath":"server.go:35:","CallerFunc":"[realtime_quiz_system/internal/provider.ProvideServer.func1.1]","Content":"Starting HTTP server..."}
{"Time":"2026-02-08 00:25:23","Level":"INFO","CallerPath":"server.go:92:","CallerFunc":"[realtime_quiz_system/internal/provider.ProvideServer.func1.1]","Content":"HTTP server started successfully"}
{"Time":"2026-02-08 00:25:30","TraceId":"f2ef4f9fd80692181bc2bf4858378d0a","Level":"INFO","CallerPath":"quiz.go:34:","CallerFunc":"[realtime_quiz_system/internal/controller.(*QuizController).CreateQuiz]","Content":"Creating quiz userId 019c3904-b4f5-7710-8fc6-c7fe9f58ed52 title Advanced JavaScript Quiz"}
{"Time":"2026-02-08 00:25:30","TraceId":"f2ef4f9fd80692181bc2bf4858378d0a","Level":"INFO","CallerPath":"quiz.go:31:","CallerFunc":"[realtime_quiz_system/internal/logic.(*QuizServiceImpl).CreateQuiz]","Content":"Creating quiz userId 019c3904-b4f5-7710-8fc6-c7fe9f58ed52 title Advanced JavaScript Quiz"}
{"Time":"2026-02-08 00:25:43","TraceId":"f2ef4f9fd80692181bc2bf4858378d0a","Level":"INFO","CallerPath":"quiz.go:114:","CallerFunc":"[realtime_quiz_system/internal/logic.(*QuizServiceImpl).CreateQuiz.func1]","Content":"Quiz created successfully quizId 019c3923-2eed-79bf-a5a2-e00d1d353a69"}
{"Time":"2026-02-08 00:25:44","TraceId":"f2ef4f9fd80692181bc2bf4858378d0a","Level":"INFO","CallerPath":"quiz.go:42:","CallerFunc":"[realtime_quiz_system/internal/controller.(*QuizController).CreateQuiz]","Content":"Quiz created successfully quizId 019c3923-2eed-79bf-a5a2-e00d1d353a69"}
{"Time":"2026-02-08 00:26:16","TraceId":"1270232ce30692181cc2bf48c16d0b82","Level":"INFO","CallerPath":"quiz.go:60:","CallerFunc":"[realtime_quiz_system/internal/controller.(*QuizController).GetQuiz]","Content":"Getting quiz quizId 019c3923-2eed-79bf-a5a2-e00d1d353a69"}
{"Time":"2026-02-08 00:26:20","TraceId":"1270232ce30692181cc2bf48c16d0b82","Level":"INFO","CallerPath":"quiz.go:68:","CallerFunc":"[realtime_quiz_system/internal/controller.(*QuizController).GetQuiz]","Content":"Quiz retrieved successfully quizId 019c3923-2eed-79bf-a5a2-e00d1d353a69"}
{"Time":"2026-02-08 00:26:53","TraceId":"161011d9eb0692181dc2bf48d89fcf8d","Level":"INFO","CallerPath":"quiz.go:47:","CallerFunc":"[realtime_quiz_system/internal/controller.(*QuizController).ListQuizzes]","Content":"Listing quizzes page 0 size 0"}
{"Time":"2026-02-08 00:26:55","TraceId":"161011d9eb0692181dc2bf48d89fcf8d","Level":"INFO","CallerPath":"quiz.go:55:","CallerFunc":"[realtime_quiz_system/internal/controller.(*QuizController).ListQuizzes]","Content":"Quizzes listed successfully total 1"}
{"Time":"2026-02-08 00:27:33","Level":"INFO","CallerPath":"server.go:96:","CallerFunc":"[realtime_quiz_system/internal/provider.ProvideServer.func1.2]","Content":"Shutting down HTTP server..."}
{"Time":"2026-02-08 08:54:05","Level":"INFO","CallerPath":"redis.go:29:","CallerFunc":"[realtime_quiz_system/internal/provider.ProvideRedis.func1.1]","Content":"Connecting to Redis..."}
{"Time":"2026-02-08 08:54:07","Level":"WARN","CallerPath":"redis.go:34:","CallerFunc":"[realtime_quiz_system/internal/provider.ProvideRedis.func1.1]","Content":"Failed to connect to Redis error dial tcp 127.0.0.1:6379: connect: connection refused"}
{"Time":"2026-02-08 08:54:07","Level":"WARN","CallerPath":"redis.go:35:","CallerFunc":"[realtime_quiz_system/internal/provider.ProvideRedis.func1.1]","Content":"Redis features will be disabled"}
{"Time":"2026-02-08 08:54:07","Level":"INFO","CallerPath":"server.go:36:","CallerFunc":"[realtime_quiz_system/internal/provider.ProvideServer.func1.1]","Content":"Starting HTTP server..."}
{"Time":"2026-02-08 08:54:07","Level":"INFO","CallerPath":"server.go:98:","CallerFunc":"[realtime_quiz_system/internal/provider.ProvideServer.func1.1]","Content":"HTTP server started successfully"}
