{"Time":"2026-02-07 21:16:31","Level":"INFO","CallerPath":"server.go:29:","CallerFunc":"[realtime_quiz_system/internal/provider.ProvideServer.func1.1]","Content":"Starting HTTP server..."}
{"Time":"2026-02-07 21:16:31","Level":"INFO","CallerPath":"server.go:44:","CallerFunc":"[realtime_quiz_system/internal/provider.ProvideServer.func1.1]","Content":"HTTP server started successfully"}
{"Time":"2026-02-07 21:16:42","Level":"INFO","CallerPath":"server.go:48:","CallerFunc":"[realtime_quiz_system/internal/provider.ProvideServer.func1.2]","Content":"Shutting down HTTP server..."}
{"Time":"2026-02-07 21:58:17","Level":"INFO","CallerPath":"server.go:29:","CallerFunc":"[realtime_quiz_system/internal/provider.ProvideServer.func1.1]","Content":"Starting HTTP server..."}
{"Time":"2026-02-07 21:58:17","Level":"INFO","CallerPath":"server.go:44:","CallerFunc":"[realtime_quiz_system/internal/provider.ProvideServer.func1.1]","Content":"HTTP server started successfully"}
{"Time":"2026-02-07 22:02:57","Level":"INFO","CallerPath":"server.go:48:","CallerFunc":"[realtime_quiz_system/internal/provider.ProvideServer.func1.2]","Content":"Shutting down HTTP server..."}
{"Time":"2026-02-07 22:03:02","Level":"INFO","CallerPath":"server.go:29:","CallerFunc":"[realtime_quiz_system/internal/provider.ProvideServer.func1.1]","Content":"Starting HTTP server..."}
{"Time":"2026-02-07 22:03:02","Level":"INFO","CallerPath":"server.go:44:","CallerFunc":"[realtime_quiz_system/internal/provider.ProvideServer.func1.1]","Content":"HTTP server started successfully"}
{"Time":"2026-02-07 22:03:33","Level":"INFO","CallerPath":"server.go:48:","CallerFunc":"[realtime_quiz_system/internal/provider.ProvideServer.func1.2]","Content":"Shutting down HTTP server..."}
{"Time":"2026-02-07 22:03:37","Level":"INFO","CallerPath":"server.go:29:","CallerFunc":"[realtime_quiz_system/internal/provider.ProvideServer.func1.1]","Content":"Starting HTTP server..."}
{"Time":"2026-02-07 22:03:37","Level":"INFO","CallerPath":"server.go:44:","CallerFunc":"[realtime_quiz_system/internal/provider.ProvideServer.func1.1]","Content":"HTTP server started successfully"}
{"Time":"2026-02-07 22:04:24","Level":"INFO","CallerPath":"server.go:48:","CallerFunc":"[realtime_quiz_system/internal/provider.ProvideServer.func1.2]","Content":"Shutting down HTTP server..."}
{"Time":"2026-02-07 22:09:03","Level":"INFO","CallerPath":"server.go:29:","CallerFunc":"[realtime_quiz_system/internal/provider.ProvideServer.func1.1]","Content":"Starting HTTP server..."}
{"Time":"2026-02-07 22:09:03","Level":"INFO","CallerPath":"server.go:44:","CallerFunc":"[realtime_quiz_system/internal/provider.ProvideServer.func1.1]","Content":"HTTP server started successfully"}
{"Time":"2026-02-07 22:09:47","Level":"INFO","CallerPath":"server.go:29:","CallerFunc":"[realtime_quiz_system/internal/provider.ProvideServer.func1.1]","Content":"Starting HTTP server..."}
{"Time":"2026-02-07 22:09:47","Level":"INFO","CallerPath":"server.go:44:","CallerFunc":"[realtime_quiz_system/internal/provider.ProvideServer.func1.1]","Content":"HTTP server started successfully"}
{"Time":"2026-02-07 22:10:14","Level":"INFO","CallerPath":"server.go:29:","CallerFunc":"[realtime_quiz_system/internal/provider.ProvideServer.func1.1]","Content":"Starting HTTP server..."}
{"Time":"2026-02-07 22:10:14","Level":"INFO","CallerPath":"server.go:44:","CallerFunc":"[realtime_quiz_system/internal/provider.ProvideServer.func1.1]","Content":"HTTP server started successfully"}
{"Time":"2026-02-07 22:10:53","Level":"INFO","CallerPath":"server.go:29:","CallerFunc":"[realtime_quiz_system/internal/provider.ProvideServer.func1.1]","Content":"Starting HTTP server..."}
{"Time":"2026-02-07 22:10:53","Level":"INFO","CallerPath":"server.go:44:","CallerFunc":"[realtime_quiz_system/internal/provider.ProvideServer.func1.1]","Content":"HTTP server started successfully"}
{"Time":"2026-02-07 22:11:59","Level":"INFO","CallerPath":"server.go:48:","CallerFunc":"[realtime_quiz_system/internal/provider.ProvideServer.func1.2]","Content":"Shutting down HTTP server..."}
{"Time":"2026-02-07 22:20:09","Level":"INFO","CallerPath":"server.go:29:","CallerFunc":"[realtime_quiz_system/internal/provider.ProvideServer.func1.1]","Content":"Starting HTTP server..."}
{"Time":"2026-02-07 22:20:09","Level":"INFO","CallerPath":"server.go:44:","CallerFunc":"[realtime_quiz_system/internal/provider.ProvideServer.func1.1]","Content":"HTTP server started successfully"}
{"Time":"2026-02-07 22:21:42","Level":"INFO","CallerPath":"server.go:48:","CallerFunc":"[realtime_quiz_system/internal/provider.ProvideServer.func1.2]","Content":"Shutting down HTTP server..."}
{"Time":"2026-02-07 22:23:23","Level":"INFO","CallerPath":"server.go:31:","CallerFunc":"[realtime_quiz_system/internal/provider.ProvideServer.func1.1]","Content":"Starting HTTP server..."}
{"Time":"2026-02-07 22:23:23","Level":"INFO","CallerPath":"server.go:55:","CallerFunc":"[realtime_quiz_system/internal/provider.ProvideServer.func1.1]","Content":"HTTP server started successfully"}
{"Time":"2026-02-07 22:25:13","Level":"INFO","CallerPath":"server.go:31:","CallerFunc":"[realtime_quiz_system/internal/provider.ProvideServer.func1.1]","Content":"Starting HTTP server..."}
{"Time":"2026-02-07 22:25:13","Level":"INFO","CallerPath":"server.go:60:","CallerFunc":"[realtime_quiz_system/internal/provider.ProvideServer.func1.1]","Content":"HTTP server started successfully"}
{"Time":"2026-02-07 22:25:52","Level":"INFO","CallerPath":"server.go:31:","CallerFunc":"[realtime_quiz_system/internal/provider.ProvideServer.func1.1]","Content":"Starting HTTP server..."}
{"Time":"2026-02-07 22:25:52","Level":"INFO","CallerPath":"server.go:60:","CallerFunc":"[realtime_quiz_system/internal/provider.ProvideServer.func1.1]","Content":"HTTP server started successfully"}
{"Time":"2026-02-07 22:26:52","Level":"INFO","CallerPath":"server.go:31:","CallerFunc":"[realtime_quiz_system/internal/provider.ProvideServer.func1.1]","Content":"Starting HTTP server..."}
{"Time":"2026-02-07 22:26:52","Level":"INFO","CallerPath":"server.go:60:","CallerFunc":"[realtime_quiz_system/internal/provider.ProvideServer.func1.1]","Content":"HTTP server started successfully"}
{"Time":"2026-02-07 22:27:18","Level":"INFO","CallerPath":"server.go:64:","CallerFunc":"[realtime_quiz_system/internal/provider.ProvideServer.func1.2]","Content":"Shutting down HTTP server..."}
{"Time":"2026-02-07 22:27:27","Level":"INFO","CallerPath":"server.go:31:","CallerFunc":"[realtime_quiz_system/internal/provider.ProvideServer.func1.1]","Content":"Starting HTTP server..."}
{"Time":"2026-02-07 22:27:27","Level":"INFO","CallerPath":"server.go:60:","CallerFunc":"[realtime_quiz_system/internal/provider.ProvideServer.func1.1]","Content":"HTTP server started successfully"}
{"Time":"2026-02-07 22:27:40","Level":"INFO","CallerPath":"server.go:64:","CallerFunc":"[realtime_quiz_system/internal/provider.ProvideServer.func1.2]","Content":"Shutting down HTTP server..."}
{"Time":"2026-02-07 22:28:00","Level":"INFO","CallerPath":"server.go:31:","CallerFunc":"[realtime_quiz_system/internal/provider.ProvideServer.func1.1]","Content":"Starting HTTP server..."}
{"Time":"2026-02-07 22:28:00","Level":"INFO","CallerPath":"server.go:62:","CallerFunc":"[realtime_quiz_system/internal/provider.ProvideServer.func1.1]","Content":"HTTP server started successfully"}
{"Time":"2026-02-07 22:28:32","Level":"INFO","CallerPath":"server.go:66:","CallerFunc":"[realtime_quiz_system/internal/provider.ProvideServer.func1.2]","Content":"Shutting down HTTP server..."}
{"Time":"2026-02-07 22:28:40","Level":"INFO","CallerPath":"server.go:31:","CallerFunc":"[realtime_quiz_system/internal/provider.ProvideServer.func1.1]","Content":"Starting HTTP server..."}
{"Time":"2026-02-07 22:28:40","Level":"INFO","CallerPath":"server.go:62:","CallerFunc":"[realtime_quiz_system/internal/provider.ProvideServer.func1.1]","Content":"HTTP server started successfully"}
{"Time":"2026-02-07 22:31:44","Level":"INFO","CallerPath":"server.go:31:","CallerFunc":"[realtime_quiz_system/internal/provider.ProvideServer.func1.1]","Content":"Starting HTTP server..."}
{"Time":"2026-02-07 22:31:44","Level":"INFO","CallerPath":"server.go:62:","CallerFunc":"[realtime_quiz_system/internal/provider.ProvideServer.func1.1]","Content":"HTTP server started successfully"}
{"Time":"2026-02-07 22:32:12","TraceId":"a41ddfafa900921894dd443c7dca1166","Level":"INFO","CallerPath":"users.go:28:","CallerFunc":"[realtime_quiz_system/internal/controller.(*UserController).Register]","Content":"Received user registration request username huypq email huypqse@gail.com"}
{"Time":"2026-02-07 22:32:12","TraceId":"a41ddfafa900921894dd443c7dca1166","Level":"INFO","CallerPath":"users.go:40:","CallerFunc":"[realtime_quiz_system/internal/logic.(*UserServiceImpl).Register]","Content":"User registration started username huypq email huypqse@gail.com"}
{"Time":"2026-02-07 22:34:13","Level":"INFO","CallerPath":"server.go:66:","CallerFunc":"[realtime_quiz_system/internal/provider.ProvideServer.func1.2]","Content":"Shutting down HTTP server..."}
{"Time":"2026-02-07 22:34:24","Level":"INFO","CallerPath":"server.go:31:","CallerFunc":"[realtime_quiz_system/internal/provider.ProvideServer.func1.1]","Content":"Starting HTTP server..."}
{"Time":"2026-02-07 22:34:24","Level":"INFO","CallerPath":"server.go:62:","CallerFunc":"[realtime_quiz_system/internal/provider.ProvideServer.func1.1]","Content":"HTTP server started successfully"}
{"Time":"2026-02-07 22:34:29","TraceId":"5f7e4192c90092189d9248185f903050","Level":"INFO","CallerPath":"users.go:28:","CallerFunc":"[realtime_quiz_system/internal/controller.(*UserController).Register]","Content":"Received user registration request username huypq email huypqse@gail.com"}
{"Time":"2026-02-07 22:34:29","TraceId":"5f7e4192c90092189d9248185f903050","Level":"INFO","CallerPath":"users.go:40:","CallerFunc":"[realtime_quiz_system/internal/logic.(*UserServiceImpl).Register]","Content":"User registration started username huypq email huypqse@gail.com"}
{"Time":"2026-02-07 22:34:32","TraceId":"5f7e4192c90092189d9248185f903050","Level":"INFO","CallerPath":"users.go:50:","CallerFunc":"[realtime_quiz_system/internal/logic.(*UserServiceImpl).Register]","Content":"User registered successfully username huypq"}
{"Time":"2026-02-07 22:34:32","TraceId":"5f7e4192c90092189d9248185f903050","Level":"INFO","CallerPath":"users.go:51:","CallerFunc":"[realtime_quiz_system/internal/controller.(*UserController).Register]","Content":"User registration successful username huypq email huypqse@gail.com"}
{"Time":"2026-02-07 22:36:40","Level":"INFO","CallerPath":"server.go:66:","CallerFunc":"[realtime_quiz_system/internal/provider.ProvideServer.func1.2]","Content":"Shutting down HTTP server..."}
{"Time":"2026-02-07 22:36:44","Level":"INFO","CallerPath":"server.go:31:","CallerFunc":"[realtime_quiz_system/internal/provider.ProvideServer.func1.1]","Content":"Starting HTTP server..."}
{"Time":"2026-02-07 22:36:44","Level":"INFO","CallerPath":"server.go:62:","CallerFunc":"[realtime_quiz_system/internal/provider.ProvideServer.func1.1]","Content":"HTTP server started successfully"}
{"Time":"2026-02-07 22:36:54","TraceId":"c60c1f6eeb0092185be80d2cae80882d","Level":"INFO","CallerPath":"users.go:28:","CallerFunc":"[realtime_quiz_system/internal/controller.(*UserController).Register]","Content":"Received user registration request username huypqse email huypqse23@gail.com"}
{"Time":"2026-02-07 22:36:54","TraceId":"c60c1f6eeb0092185be80d2cae80882d","Level":"INFO","CallerPath":"users.go:40:","CallerFunc":"[realtime_quiz_system/internal/logic.(*UserServiceImpl).Register]","Content":"User registration started username huypqse email huypqse23@gail.com"}
{"Time":"2026-02-07 22:36:57","TraceId":"c60c1f6eeb0092185be80d2cae80882d","Level":"INFO","CallerPath":"users.go:50:","CallerFunc":"[realtime_quiz_system/internal/logic.(*UserServiceImpl).Register]","Content":"User registered successfully username huypqse"}
{"Time":"2026-02-07 22:36:57","TraceId":"c60c1f6eeb0092185be80d2cae80882d","Level":"INFO","CallerPath":"users.go:51:","CallerFunc":"[realtime_quiz_system/internal/controller.(*UserController).Register]","Content":"User registration successful username huypqse email huypqse23@gail.com"}
{"Time":"2026-02-07 22:39:02","Level":"INFO","CallerPath":"server.go:66:","CallerFunc":"[realtime_quiz_system/internal/provider.ProvideServer.func1.2]","Content":"Shutting down HTTP server..."}
{"Time":"2026-02-07 22:39:07","Level":"INFO","CallerPath":"server.go:31:","CallerFunc":"[realtime_quiz_system/internal/provider.ProvideServer.func1.1]","Content":"Starting HTTP server..."}
{"Time":"2026-02-07 22:39:07","Level":"INFO","CallerPath":"server.go:56:","CallerFunc":"[realtime_quiz_system/internal/provider.ProvideServer.func1.1]","Content":"HTTP server started successfully"}
{"Time":"2026-02-07 22:39:43","TraceId":"062543cc1201921807101f5eff0da879","Level":"INFO","CallerPath":"users.go:28:","CallerFunc":"[realtime_quiz_system/internal/controller.(*UserController).Register]","Content":"Received user registration request username huypqse2 email huypqse233@gail.com"}
{"Time":"2026-02-07 22:39:43","TraceId":"062543cc1201921807101f5eff0da879","Level":"INFO","CallerPath":"users.go:40:","CallerFunc":"[realtime_quiz_system/internal/logic.(*UserServiceImpl).Register]","Content":"User registration started username huypqse2 email huypqse233@gail.com"}
{"Time":"2026-02-07 22:39:46","TraceId":"062543cc1201921807101f5eff0da879","Level":"INFO","CallerPath":"users.go:50:","CallerFunc":"[realtime_quiz_system/internal/logic.(*UserServiceImpl).Register]","Content":"User registered successfully username huypqse2"}
{"Time":"2026-02-07 22:39:46","TraceId":"062543cc1201921807101f5eff0da879","Level":"INFO","CallerPath":"users.go:51:","CallerFunc":"[realtime_quiz_system/internal/controller.(*UserController).Register]","Content":"User registration successful username huypqse2 email huypqse233@gail.com"}
{"Time":"2026-02-07 22:40:04","Level":"INFO","CallerPath":"server.go:60:","CallerFunc":"[realtime_quiz_system/internal/provider.ProvideServer.func1.2]","Content":"Shutting down HTTP server..."}
{"Time":"2026-02-07 22:41:44","Level":"INFO","CallerPath":"server.go:31:","CallerFunc":"[realtime_quiz_system/internal/provider.ProvideServer.func1.1]","Content":"Starting HTTP server..."}
{"Time":"2026-02-07 22:41:44","Level":"INFO","CallerPath":"server.go:56:","CallerFunc":"[realtime_quiz_system/internal/provider.ProvideServer.func1.1]","Content":"HTTP server started successfully"}
{"Time":"2026-02-07 22:42:02","TraceId":"e84387333301921892d45315e022b00d","Level":"INFO","CallerPath":"users.go:28:","CallerFunc":"[realtime_quiz_system/internal/controller.(*UserController).Register]","Content":"Received user registration request username hihi email hihi@email.com"}
{"Time":"2026-02-07 22:42:02","TraceId":"e84387333301921892d45315e022b00d","Level":"INFO","CallerPath":"users.go:40:","CallerFunc":"[realtime_quiz_system/internal/logic.(*UserServiceImpl).Register]","Content":"User registration started username hihi email hihi@email.com"}
{"Time":"2026-02-07 22:42:05","TraceId":"e84387333301921892d45315e022b00d","Level":"INFO","CallerPath":"users.go:50:","CallerFunc":"[realtime_quiz_system/internal/logic.(*UserServiceImpl).Register]","Content":"User registered successfully username hihi"}
{"Time":"2026-02-07 22:42:05","TraceId":"e84387333301921892d45315e022b00d","Level":"INFO","CallerPath":"users.go:51:","CallerFunc":"[realtime_quiz_system/internal/controller.(*UserController).Register]","Content":"User registration successful username hihi email hihi@email.com"}
{"Time":"2026-02-07 22:43:38","Level":"INFO","CallerPath":"server.go:60:","CallerFunc":"[realtime_quiz_system/internal/provider.ProvideServer.func1.2]","Content":"Shutting down HTTP server..."}
{"Time":"2026-02-07 22:43:44","Level":"INFO","CallerPath":"server.go:31:","CallerFunc":"[realtime_quiz_system/internal/provider.ProvideServer.func1.1]","Content":"Starting HTTP server..."}
{"Time":"2026-02-07 22:43:44","Level":"INFO","CallerPath":"server.go:56:","CallerFunc":"[realtime_quiz_system/internal/provider.ProvideServer.func1.1]","Content":"HTTP server started successfully"}
{"Time":"2026-02-07 22:44:01","TraceId":"8bfe29d84e0192182f5bde46afa1a8ec","Level":"INFO","CallerPath":"users.go:28:","CallerFunc":"[realtime_quiz_system/internal/controller.(*UserController).Register]","Content":"Received user registration request username hihi2 email hihi2@email.com"}
{"Time":"2026-02-07 22:44:01","TraceId":"8bfe29d84e0192182f5bde46afa1a8ec","Level":"INFO","CallerPath":"users.go:40:","CallerFunc":"[realtime_quiz_system/internal/logic.(*UserServiceImpl).Register]","Content":"User registration started username hihi2 email hihi2@email.com"}
{"Time":"2026-02-07 22:44:04","TraceId":"8bfe29d84e0192182f5bde46afa1a8ec","Level":"INFO","CallerPath":"users.go:50:","CallerFunc":"[realtime_quiz_system/internal/logic.(*UserServiceImpl).Register]","Content":"User registered successfully username hihi2"}
{"Time":"2026-02-07 22:44:04","TraceId":"8bfe29d84e0192182f5bde46afa1a8ec","Level":"INFO","CallerPath":"users.go:51:","CallerFunc":"[realtime_quiz_system/internal/controller.(*UserController).Register]","Content":"User registration successful username hihi2 email hihi2@email.com"}
{"Time":"2026-02-07 22:44:37","TraceId":"25c9691457019218305bde4630a6c7a6","Level":"INFO","CallerPath":"users.go:28:","CallerFunc":"[realtime_quiz_system/internal/controller.(*UserController).Register]","Content":"Received user registration request username hihi22 email hihi23@email.com"}
{"Time":"2026-02-07 22:44:37","TraceId":"25c9691457019218305bde4630a6c7a6","Level":"INFO","CallerPath":"users.go:40:","CallerFunc":"[realtime_quiz_system/internal/logic.(*UserServiceImpl).Register]","Content":"User registration started username hihi22 email hihi23@email.com"}
{"Time":"2026-02-07 22:44:39","TraceId":"25c9691457019218305bde4630a6c7a6","Level":"INFO","CallerPath":"users.go:50:","CallerFunc":"[realtime_quiz_system/internal/logic.(*UserServiceImpl).Register]","Content":"User registered successfully username hihi22"}
{"Time":"2026-02-07 22:44:39","TraceId":"25c9691457019218305bde4630a6c7a6","Level":"INFO","CallerPath":"users.go:51:","CallerFunc":"[realtime_quiz_system/internal/controller.(*UserController).Register]","Content":"User registration successful username hihi22 email hihi23@email.com"}
{"Time":"2026-02-07 22:50:16","Level":"INFO","CallerPath":"server.go:60:","CallerFunc":"[realtime_quiz_system/internal/provider.ProvideServer.func1.2]","Content":"Shutting down HTTP server..."}
{"Time":"2026-02-07 22:51:18","Level":"INFO","CallerPath":"server.go:31:","CallerFunc":"[realtime_quiz_system/internal/provider.ProvideServer.func1.1]","Content":"Starting HTTP server..."}
{"Time":"2026-02-07 22:51:18","Level":"INFO","CallerPath":"server.go:56:","CallerFunc":"[realtime_quiz_system/internal/provider.ProvideServer.func1.1]","Content":"HTTP server started successfully"}
{"Time":"2026-02-07 22:51:25","TraceId":"0ee96742b601921829f51b6b2e1cde35","Level":"INFO","CallerPath":"users.go:28:","CallerFunc":"[realtime_quiz_system/internal/controller.(*UserController).Register]","Content":"Received user registration request username hihi232 email hihi233@email.com"}
{"Time":"2026-02-07 22:51:25","TraceId":"0ee96742b601921829f51b6b2e1cde35","Level":"INFO","CallerPath":"users.go:40:","CallerFunc":"[realtime_quiz_system/internal/logic.(*UserServiceImpl).Register]","Content":"User registration started username hihi232 email hihi233@email.com"}
{"Time":"2026-02-07 22:51:28","TraceId":"0ee96742b601921829f51b6b2e1cde35","Level":"INFO","CallerPath":"users.go:50:","CallerFunc":"[realtime_quiz_system/internal/logic.(*UserServiceImpl).Register]","Content":"User registered successfully username hihi232"}
{"Time":"2026-02-07 22:51:28","TraceId":"0ee96742b601921829f51b6b2e1cde35","Level":"INFO","CallerPath":"users.go:51:","CallerFunc":"[realtime_quiz_system/internal/controller.(*UserController).Register]","Content":"User registration successful username hihi232 email hihi233@email.com"}
{"Time":"2026-02-07 22:51:34","TraceId":"2a4d4e55b80192182af51b6bd9aed755","Level":"INFO","CallerPath":"users.go:28:","CallerFunc":"[realtime_quiz_system/internal/controller.(*UserController).Register]","Content":"Received user registration request username hihi2324 email hihi2343@email.com"}
{"Time":"2026-02-07 22:51:34","TraceId":"2a4d4e55b80192182af51b6bd9aed755","Level":"INFO","CallerPath":"users.go:40:","CallerFunc":"[realtime_quiz_system/internal/logic.(*UserServiceImpl).Register]","Content":"User registration started username hihi2324 email hihi2343@email.com"}
{"Time":"2026-02-07 22:51:35","TraceId":"2a4d4e55b80192182af51b6bd9aed755","Level":"INFO","CallerPath":"users.go:50:","CallerFunc":"[realtime_quiz_system/internal/logic.(*UserServiceImpl).Register]","Content":"User registered successfully username hihi2324"}
{"Time":"2026-02-07 22:51:35","TraceId":"2a4d4e55b80192182af51b6bd9aed755","Level":"INFO","CallerPath":"users.go:51:","CallerFunc":"[realtime_quiz_system/internal/controller.(*UserController).Register]","Content":"User registration successful username hihi2324 email hihi2343@email.com"}
{"Time":"2026-02-07 22:51:40","TraceId":"7f53a497b90192182bf51b6b893b31c4","Level":"INFO","CallerPath":"users.go:28:","CallerFunc":"[realtime_quiz_system/internal/controller.(*UserController).Register]","Content":"Received user registration request username hihi23234 email hihi2343@email.com"}
{"Time":"2026-02-07 22:51:40","TraceId":"7f53a497b90192182bf51b6b893b31c4","Level":"INFO","CallerPath":"users.go:40:","CallerFunc":"[realtime_quiz_system/internal/logic.(*UserServiceImpl).Register]","Content":"User registration started username hihi23234 email hihi2343@email.com"}
{"Time":"2026-02-07 22:51:41","TraceId":"7f53a497b90192182bf51b6b893b31c4","Level":"INFO","CallerPath":"users.go:50:","CallerFunc":"[realtime_quiz_system/internal/logic.(*UserServiceImpl).Register]","Content":"User registered successfully username hihi23234"}
{"Time":"2026-02-07 22:51:41","TraceId":"7f53a497b90192182bf51b6b893b31c4","Level":"INFO","CallerPath":"users.go:51:","CallerFunc":"[realtime_quiz_system/internal/controller.(*UserController).Register]","Content":"User registration successful username hihi23234 email hihi2343@email.com"}
{"Time":"2026-02-07 22:51:50","Level":"INFO","CallerPath":"server.go:60:","CallerFunc":"[realtime_quiz_system/internal/provider.ProvideServer.func1.2]","Content":"Shutting down HTTP server..."}
{"Time":"2026-02-07 23:00:55","Level":"INFO","CallerPath":"server.go:31:","CallerFunc":"[realtime_quiz_system/internal/provider.ProvideServer.func1.1]","Content":"Starting HTTP server..."}
{"Time":"2026-02-07 23:00:55","Level":"INFO","CallerPath":"server.go:56:","CallerFunc":"[realtime_quiz_system/internal/provider.ProvideServer.func1.1]","Content":"HTTP server started successfully"}
{"Time":"2026-02-07 23:00:59","TraceId":"352606c93b029218100edb7663322a53","Level":"INFO","CallerPath":"users.go:28:","CallerFunc":"[realtime_quiz_system/internal/controller.(*UserController).Register]","Content":"Received user registration request username hihi23234 email hihi2343@email.com"}
{"Time":"2026-02-07 23:00:59","TraceId":"352606c93b029218100edb7663322a53","Level":"INFO","CallerPath":"users.go:40:","CallerFunc":"[realtime_quiz_system/internal/logic.(*UserServiceImpl).Register]","Content":"User registration started username hihi23234 email hihi2343@email.com"}
{"Time":"2026-02-07 23:01:01","TraceId":"352606c93b029218100edb7663322a53","Level":"INFO","CallerPath":"users.go:50:","CallerFunc":"[realtime_quiz_system/internal/logic.(*UserServiceImpl).Register]","Content":"User registered successfully username hihi23234"}
{"Time":"2026-02-07 23:01:01","TraceId":"352606c93b029218100edb7663322a53","Level":"INFO","CallerPath":"users.go:51:","CallerFunc":"[realtime_quiz_system/internal/controller.(*UserController).Register]","Content":"User registration successful username hihi23234 email hihi2343@email.com"}
{"Time":"2026-02-07 23:02:55","Level":"INFO","CallerPath":"server.go:60:","CallerFunc":"[realtime_quiz_system/internal/provider.ProvideServer.func1.2]","Content":"Shutting down HTTP server..."}
{"Time":"2026-02-07 23:03:00","Level":"INFO","CallerPath":"server.go:31:","CallerFunc":"[realtime_quiz_system/internal/provider.ProvideServer.func1.1]","Content":"Starting HTTP server..."}
{"Time":"2026-02-07 23:03:00","Level":"INFO","CallerPath":"server.go:56:","CallerFunc":"[realtime_quiz_system/internal/provider.ProvideServer.func1.1]","Content":"HTTP server started successfully"}
{"Time":"2026-02-07 23:03:06","TraceId":"65b3e774590292189b52a108babdb005","Level":"INFO","CallerPath":"users.go:28:","CallerFunc":"[realtime_quiz_system/internal/controller.(*UserController).Register]","Content":"Received user registration request username hihi23234 email hihi2343@email.com"}
{"Time":"2026-02-07 23:03:06","TraceId":"65b3e774590292189b52a108babdb005","Level":"INFO","CallerPath":"users.go:40:","CallerFunc":"[realtime_quiz_system/internal/logic.(*UserServiceImpl).Register]","Content":"User registration started username hihi23234 email hihi2343@email.com"}
{"Time":"2026-02-07 23:03:10","TraceId":"65b3e774590292189b52a108babdb005","Level":"ERRO","CallerPath":"users.go:62:","CallerFunc":"[realtime_quiz_system/internal/logic.(*UserServiceImpl).Register]","Content":"Failed to get last insert id error LastInsertId is not supported by primary key type: uuid","Stack":"1.  realtime_quiz_system/internal/logic.(*UserServiceImpl).Register\n    /home/huy/realtime-quiz-system/realtime_quiz_system/internal/logic/users.go:62\n2.  realtime_quiz_system/internal/controller.(*UserController).Register\n    /home/huy/realtime-quiz-system/realtime_quiz_system/internal/controller/users.go:37\n3.  realtime_quiz_system/internal/provider.CustomResponseHandler\n    /home/huy/realtime-quiz-system/realtime_quiz_system/internal/provider/middleware.go:12\n"}
{"Time":"2026-02-07 23:03:10","TraceId":"65b3e774590292189b52a108babdb005","Level":"INFO","CallerPath":"users.go:65:","CallerFunc":"[realtime_quiz_system/internal/logic.(*UserServiceImpl).Register]","Content":"User registered successfully username hihi23234 id 0"}
{"Time":"2026-02-07 23:03:10","TraceId":"65b3e774590292189b52a108babdb005","Level":"INFO","CallerPath":"users.go:51:","CallerFunc":"[realtime_quiz_system/internal/controller.(*UserController).Register]","Content":"User registration successful username hihi23234 email hihi2343@email.com"}
{"Time":"2026-02-07 23:03:47","Level":"INFO","CallerPath":"server.go:60:","CallerFunc":"[realtime_quiz_system/internal/provider.ProvideServer.func1.2]","Content":"Shutting down HTTP server..."}
{"Time":"2026-02-07 23:05:36","Level":"INFO","CallerPath":"server.go:31:","CallerFunc":"[realtime_quiz_system/internal/provider.ProvideServer.func1.1]","Content":"Starting HTTP server..."}
{"Time":"2026-02-07 23:05:36","Level":"INFO","CallerPath":"server.go:56:","CallerFunc":"[realtime_quiz_system/internal/provider.ProvideServer.func1.1]","Content":"HTTP server started successfully"}
{"Time":"2026-02-07 23:05:45","TraceId":"d5fc9b6b7e0292188d86f166047eb665","Level":"INFO","CallerPath":"users.go:28:","CallerFunc":"[realtime_quiz_system/internal/controller.(*UserController).Register]","Content":"Received user registration request username hihi2323s4 email hihi23d43@email.com"}
{"Time":"2026-02-07 23:05:45","TraceId":"d5fc9b6b7e0292188d86f166047eb665","Level":"INFO","CallerPath":"users.go:41:","CallerFunc":"[realtime_quiz_system/internal/logic.(*UserServiceImpl).Register]","Content":"User registration started username hihi2323s4 email hihi23d43@email.com"}
{"Time":"2026-02-07 23:05:48","TraceId":"d5fc9b6b7e0292188d86f166047eb665","Level":"INFO","CallerPath":"users.go:68:","CallerFunc":"[realtime_quiz_system/internal/logic.(*UserServiceImpl).Register]","Content":"User registered successfully username hihi2323s4 id 019c38da-2b74-710c-8b66-62072cf61cf3"}
{"Time":"2026-02-07 23:05:48","TraceId":"d5fc9b6b7e0292188d86f166047eb665","Level":"INFO","CallerPath":"users.go:51:","CallerFunc":"[realtime_quiz_system/internal/controller.(*UserController).Register]","Content":"User registration successful username hihi2323s4 email hihi23d43@email.com"}
{"Time":"2026-02-07 23:10:11","Level":"INFO","CallerPath":"server.go:60:","CallerFunc":"[realtime_quiz_system/internal/provider.ProvideServer.func1.2]","Content":"Shutting down HTTP server..."}
{"Time":"2026-02-07 16:27:30","Level":"INFO","CallerPath":"server.go:31:","CallerFunc":"[realtime_quiz_system/internal/provider.ProvideServer.func1.1]","Content":"Starting HTTP server..."}
{"Time":"2026-02-07 16:27:30","Level":"INFO","CallerPath":"server.go:56:","CallerFunc":"[realtime_quiz_system/internal/provider.ProvideServer.func1.1]","Content":"HTTP server started successfully"}
{"Time":"2026-02-07 23:48:27","Level":"INFO","CallerPath":"server.go:33:","CallerFunc":"[realtime_quiz_system/internal/provider.ProvideServer.func1.1]","Content":"Starting HTTP server..."}
{"Time":"2026-02-07 23:48:27","Level":"INFO","CallerPath":"server.go:67:","CallerFunc":"[realtime_quiz_system/internal/provider.ProvideServer.func1.1]","Content":"HTTP server started successfully"}
{"Time":"2026-02-07 23:49:53","Level":"INFO","CallerPath":"server.go:33:","CallerFunc":"[realtime_quiz_system/internal/provider.ProvideServer.func1.1]","Content":"Starting HTTP server..."}
{"Time":"2026-02-07 23:49:53","Level":"INFO","CallerPath":"server.go:67:","CallerFunc":"[realtime_quiz_system/internal/provider.ProvideServer.func1.1]","Content":"HTTP server started successfully"}
{"Time":"2026-02-07 16:51:03","Level":"INFO","CallerPath":"server.go:60:","CallerFunc":"[realtime_quiz_system/internal/provider.ProvideServer.func1.2]","Content":"Shutting down HTTP server..."}
{"Time":"2026-02-07 23:51:11","Level":"INFO","CallerPath":"server.go:33:","CallerFunc":"[realtime_quiz_system/internal/provider.ProvideServer.func1.1]","Content":"Starting HTTP server..."}
{"Time":"2026-02-07 23:51:11","Level":"INFO","CallerPath":"server.go:67:","CallerFunc":"[realtime_quiz_system/internal/provider.ProvideServer.func1.1]","Content":"HTTP server started successfully"}
{"Time":"2026-02-07 23:52:13","TraceId":"f6f8487507059218dce07613e283e46b","Level":"INFO","CallerPath":"users.go:28:","CallerFunc":"[realtime_quiz_system/internal/controller.(*UserController).Register]","Content":"Received user registration request username huyse email huypqse@gmail.com"}
{"Time":"2026-02-07 23:52:13","TraceId":"f6f8487507059218dce07613e283e46b","Level":"INFO","CallerPath":"users.go:48:","CallerFunc":"[realtime_quiz_system/internal/logic.(*UserServiceImpl).Register]","Content":"User registration started username huyse email huypqse@gmail.com"}
{"Time":"2026-02-07 23:52:16","TraceId":"f6f8487507059218dce07613e283e46b","Level":"INFO","CallerPath":"users.go:90:","CallerFunc":"[realtime_quiz_system/internal/logic.(*UserServiceImpl).Register]","Content":"User registered successfully username huyse id 019c3904-b4f5-7710-8fc6-c7fe9f58ed52"}
{"Time":"2026-02-07 23:52:16","TraceId":"f6f8487507059218dce07613e283e46b","Level":"INFO","CallerPath":"users.go:54:","CallerFunc":"[realtime_quiz_system/internal/controller.(*UserController).Register]","Content":"User registration successful username huyse email huypqse@gmail.com"}
{"Time":"2026-02-07 23:52:38","TraceId":"6c346f490d059218dde076133a828fb3","Level":"INFO","CallerPath":"users.go:62:","CallerFunc":"[realtime_quiz_system/internal/controller.(*UserController).Login]","Content":"Received user login request usernameOrEmail huypqse@gmail.com"}
{"Time":"2026-02-07 23:52:38","TraceId":"6c346f490d059218dde076133a828fb3","Level":"INFO","CallerPath":"users.go:111:","CallerFunc":"[realtime_quiz_system/internal/logic.(*UserServiceImpl).Login]","Content":"User login attempt usernameOrEmail huypqse@gmail.com"}
{"Time":"2026-02-07 23:52:39","TraceId":"6c346f490d059218dde076133a828fb3","Level":"INFO","CallerPath":"users.go:138:","CallerFunc":"[realtime_quiz_system/internal/logic.(*UserServiceImpl).Login]","Content":"User logged in successfully username huyse"}
{"Time":"2026-02-07 23:52:39","TraceId":"6c346f490d059218dde076133a828fb3","Level":"INFO","CallerPath":"users.go:87:","CallerFunc":"[realtime_quiz_system/internal/controller.(*UserController).Login]","Content":"User login successful username huyse"}
{"Time":"2026-02-07 23:55:37","Level":"INFO","CallerPath":"server.go:71:","CallerFunc":"[realtime_quiz_system/internal/provider.ProvideServer.func1.2]","Content":"Shutting down HTTP server..."}
{"Time":"2026-02-07 23:58:11","Level":"INFO","CallerPath":"server.go:34:","CallerFunc":"[realtime_quiz_system/internal/provider.ProvideServer.func1.1]","Content":"Starting HTTP server..."}
{"Time":"2026-02-07 23:58:11","Level":"INFO","CallerPath":"server.go:80:","CallerFunc":"[realtime_quiz_system/internal/provider.ProvideServer.func1.1]","Content":"HTTP server started successfully"}
{"Time":"2026-02-07 23:58:59","TraceId":"16a03321660592182712e36bb87626d2","Level":"INFO","CallerPath":"users.go:62:","CallerFunc":"[realtime_quiz_system/internal/controller.(*UserController).Login]","Content":"Received user login request usernameOrEmail huypqse@gmail.com"}
{"Time":"2026-02-07 23:58:59","TraceId":"16a03321660592182712e36bb87626d2","Level":"INFO","CallerPath":"users.go:111:","CallerFunc":"[realtime_quiz_system/internal/logic.(*UserServiceImpl).Login]","Content":"User login attempt usernameOrEmail huypqse@gmail.com"}
{"Time":"2026-02-07 23:59:03","TraceId":"16a03321660592182712e36bb87626d2","Level":"INFO","CallerPath":"users.go:138:","CallerFunc":"[realtime_quiz_system/internal/logic.(*UserServiceImpl).Login]","Content":"User logged in successfully username huyse"}
{"Time":"2026-02-07 23:59:03","TraceId":"16a03321660592182712e36bb87626d2","Level":"INFO","CallerPath":"users.go:87:","CallerFunc":"[realtime_quiz_system/internal/controller.(*UserController).Login]","Content":"User login successful username huyse"}
{"Time":"2026-02-07 23:59:17","TraceId":"934712316a0592182812e36bebb5cc3d","Level":"INFO","CallerPath":"users.go:107:","CallerFunc":"[realtime_quiz_system/internal/controller.(*UserController).Profile]","Content":"Received get profile request userId 019c3904-b4f5-7710-8fc6-c7fe9f58ed52"}
{"Time":"2026-02-07 23:59:19","TraceId":"934712316a0592182812e36bebb5cc3d","Level":"INFO","CallerPath":"users.go:129:","CallerFunc":"[realtime_quiz_system/internal/controller.(*UserController).Profile]","Content":"Get profile successful userId 019c3904-b4f5-7710-8fc6-c7fe9f58ed52"}
